INFO 2025-12-04 19:01:52,542 autoreload 8304 3664 Watching for file changes with StatReloader
INFO 2025-12-04 19:01:59,690 basehttp 8304 21876 "GET / HTTP/1.1" 302 0
INFO 2025-12-04 19:01:59,894 basehttp 8304 21876 "GET /quiz/quiz HTTP/1.1" 200 31017
INFO 2025-12-04 19:01:59,971 basehttp 8304 21876 "GET /static/css/main.css HTTP/1.1" 304 0
WARNING 2025-12-04 19:02:03,465 basehttp 8304 13292 "GET /favicon.ico HTTP/1.1" 404 3154
INFO 2025-12-04 19:02:03,986 views 8304 13292 User kushal logged out
INFO 2025-12-04 19:02:04,000 basehttp 8304 13292 "POST /logout/ HTTP/1.1" 302 0
INFO 2025-12-04 19:02:04,033 basehttp 8304 13292 "GET / HTTP/1.1" 200 15489
WARNING 2025-12-04 19:02:08,535 views 8304 13292 Failed login attempt 2 for user: kushal from IP: 127.0.0.1
INFO 2025-12-04 19:02:08,555 basehttp 8304 13292 "POST / HTTP/1.1" 200 15496
INFO 2025-12-04 19:02:15,207 basehttp 8304 13292 "POST / HTTP/1.1" 200 15741
INFO 2025-12-04 19:02:20,869 basehttp 8304 13292 "POST / HTTP/1.1" 200 15741
WARNING 2025-12-04 19:02:26,959 views 8304 13292 Failed login attempt 5 for user: kushal from IP: 127.0.0.1
INFO 2025-12-04 19:02:26,968 basehttp 8304 13292 "POST / HTTP/1.1" 200 15496
WARNING 2025-12-04 19:02:35,321 views 8304 13292 Too many login attempts from IP: 127.0.0.1 for user: kushal
INFO 2025-12-04 19:02:35,339 basehttp 8304 13292 "POST / HTTP/1.1" 200 15539
INFO 2025-12-05 21:25:03,030 autoreload 18692 21528 Watching for file changes with StatReloader
INFO 2025-12-05 21:25:52,024 autoreload 5428 14480 Watching for file changes with StatReloader
INFO 2025-12-05 21:26:00,901 basehttp 5428 15136 "GET / HTTP/1.1" 200 15336
INFO 2025-12-05 21:26:01,091 basehttp 5428 15136 "GET /static/css/main.css HTTP/1.1" 304 0
WARNING 2025-12-05 21:26:04,569 basehttp 5428 15136 "GET /favicon.ico HTTP/1.1" 404 3154
INFO 2025-12-05 21:26:11,475 basehttp 5428 15136 "POST / HTTP/1.1" 200 15741
WARNING 2025-12-05 21:26:20,223 views 5428 15136 Failed login attempt 3 for user: kushal from IP: 127.0.0.1
INFO 2025-12-05 21:26:20,231 basehttp 5428 15136 "POST / HTTP/1.1" 200 15496
INFO 2025-12-05 21:26:55,909 autoreload 1348 16432 Watching for file changes with StatReloader
INFO 2025-12-05 21:26:59,143 basehttp 1348 6020 "GET / HTTP/1.1" 200 15336
WARNING 2025-12-05 21:27:02,551 basehttp 1348 6020 "GET /favicon.ico HTTP/1.1" 404 3154
INFO 2025-12-05 21:27:12,775 basehttp 1348 6020 "POST / HTTP/1.1" 200 15741
INFO 2025-12-05 21:27:17,388 basehttp 1348 6020 "POST / HTTP/1.1" 200 15741
INFO 2025-12-05 21:30:41,655 autoreload 19232 11860 Watching for file changes with StatReloader
INFO 2025-12-05 21:30:49,617 basehttp 19232 22608 "GET / HTTP/1.1" 200 15336
WARNING 2025-12-05 21:30:53,400 basehttp 19232 22608 "GET /favicon.ico HTTP/1.1" 404 3154
WARNING 2025-12-05 21:30:54,969 views 19232 22608 Failed login attempt 2 for user: kushal from IP: 127.0.0.1
INFO 2025-12-05 21:30:54,985 basehttp 19232 22608 "POST / HTTP/1.1" 200 15496
INFO 2025-12-05 21:31:05,725 basehttp 19232 22608 "POST / HTTP/1.1" 200 15741
WARNING 2025-12-05 21:31:10,195 views 19232 22608 Failed login attempt 4 for user: kushal from IP: 127.0.0.1
INFO 2025-12-05 21:31:10,208 basehttp 19232 22608 "POST / HTTP/1.1" 200 15496
WARNING 2025-12-05 21:31:17,347 views 19232 22608 Failed login attempt 5 for user: kushal from IP: 127.0.0.1
INFO 2025-12-05 21:31:17,357 basehttp 19232 22608 "POST / HTTP/1.1" 200 15496
INFO 2025-12-05 21:31:19,009 basehttp 19232 22608 "GET /assistant/improve HTTP/1.1" 200 17912
WARNING 2025-12-05 21:31:28,464 basehttp 19232 22608 "POST /assistant/api/improve/ HTTP/1.1" 403 58
WARNING 2025-12-05 21:31:29,810 basehttp 19232 22608 "POST /assistant/api/improve/ HTTP/1.1" 403 58
WARNING 2025-12-05 21:31:30,301 basehttp 19232 22608 "POST /assistant/api/improve/ HTTP/1.1" 403 58
WARNING 2025-12-05 21:31:30,466 basehttp 19232 22608 "POST /assistant/api/improve/ HTTP/1.1" 403 58
WARNING 2025-12-05 21:31:30,611 basehttp 19232 22608 "POST /assistant/api/improve/ HTTP/1.1" 403 58
WARNING 2025-12-05 21:31:30,865 basehttp 19232 22608 "POST /assistant/api/improve/ HTTP/1.1" 403 58
WARNING 2025-12-05 21:31:31,092 basehttp 19232 22608 "POST /assistant/api/improve/ HTTP/1.1" 403 58
INFO 2025-12-05 21:31:50,590 autoreload 13092 16368 Watching for file changes with StatReloader
INFO 2025-12-05 21:31:53,322 basehttp 13092 11372 "GET / HTTP/1.1" 200 15336
INFO 2025-12-05 21:31:58,812 basehttp 13092 11372 "GET / HTTP/1.1" 200 15336
INFO 2025-12-05 21:32:00,797 basehttp 13092 11372 "GET / HTTP/1.1" 200 15336
WARNING 2025-12-05 21:32:03,700 views 13092 11372 Failed login attempt 2 for user: kushal from IP: 127.0.0.1
INFO 2025-12-05 21:32:03,713 basehttp 13092 11372 "POST / HTTP/1.1" 200 15496
INFO 2025-12-05 21:32:08,833 basehttp 13092 11372 "GET /admin/ HTTP/1.1" 302 0
INFO 2025-12-05 21:32:09,178 basehttp 13092 11372 "GET /admin/login/?next=/admin/ HTTP/1.1" 200 4173
INFO 2025-12-05 21:32:09,242 basehttp 13092 11372 "GET /static/admin/css/base.css HTTP/1.1" 304 0
INFO 2025-12-05 21:32:09,249 basehttp 13092 8244 "GET /static/admin/css/dark_mode.css HTTP/1.1" 304 0
INFO 2025-12-05 21:32:09,255 basehttp 13092 12384 "GET /static/admin/js/theme.js HTTP/1.1" 304 0
INFO 2025-12-05 21:32:09,257 basehttp 13092 12912 "GET /static/admin/css/nav_sidebar.css HTTP/1.1" 304 0
INFO 2025-12-05 21:32:09,260 basehttp 13092 6880 "GET /static/admin/css/login.css HTTP/1.1" 304 0
INFO 2025-12-05 21:32:09,260 basehttp 13092 17780 "GET /static/admin/css/responsive.css HTTP/1.1" 304 0
INFO 2025-12-05 21:32:09,295 basehttp 13092 17780 "GET /static/admin/js/nav_sidebar.js HTTP/1.1" 304 0
INFO 2025-12-05 21:32:11,777 basehttp 13092 17780 "POST /admin/login/?next=/admin/ HTTP/1.1" 200 4342
ERROR 2025-12-05 21:32:21,317 log 13092 17780 Internal Server Error: /admin/login/
Traceback (most recent call last):
  File "C:\Users\kusha\AppData\Local\Programs\Python\Python310\lib\site-packages\django\contrib\auth\hashers.py", line 225, in _load_library
    module = importlib.import_module(mod_path)
  File "C:\Users\kusha\AppData\Local\Programs\Python\Python310\lib\importlib\__init__.py", line 126, in import_module
    return _bootstrap._gcd_import(name[level:], package, level)
  File "<frozen importlib._bootstrap>", line 1050, in _gcd_import
  File "<frozen importlib._bootstrap>", line 1027, in _find_and_load
  File "<frozen importlib._bootstrap>", line 1004, in _find_and_load_unlocked
ModuleNotFoundError: No module named 'argon2'

During handling of the above exception, another exception occurred:

Traceback (most recent call last):
  File "C:\Users\kusha\AppData\Local\Programs\Python\Python310\lib\site-packages\django\core\handlers\exception.py", line 55, in inner
    response = get_response(request)
  File "C:\Users\kusha\AppData\Local\Programs\Python\Python310\lib\site-packages\django\core\handlers\base.py", line 197, in _get_response
    response = wrapped_callback(request, *callback_args, **callback_kwargs)
  File "C:\Users\kusha\AppData\Local\Programs\Python\Python310\lib\site-packages\django\utils\decorators.py", line 48, in _wrapper
    return bound_method(*args, **kwargs)
  File "C:\Users\kusha\AppData\Local\Programs\Python\Python310\lib\site-packages\django\views\decorators\cache.py", line 80, in _view_wrapper
    response = view_func(request, *args, **kwargs)
  File "C:\Users\kusha\AppData\Local\Programs\Python\Python310\lib\site-packages\django\contrib\admin\sites.py", line 449, in login
    return LoginView.as_view(**defaults)(request)
  File "C:\Users\kusha\AppData\Local\Programs\Python\Python310\lib\site-packages\django\views\generic\base.py", line 105, in view
    return self.dispatch(request, *args, **kwargs)
  File "C:\Users\kusha\AppData\Local\Programs\Python\Python310\lib\site-packages\django\utils\decorators.py", line 48, in _wrapper
    return bound_method(*args, **kwargs)
  File "C:\Users\kusha\AppData\Local\Programs\Python\Python310\lib\site-packages\django\utils\decorators.py", line 48, in _wrapper
    return bound_method(*args, **kwargs)
  File "C:\Users\kusha\AppData\Local\Programs\Python\Python310\lib\site-packages\django\views\decorators\debug.py", line 143, in sensitive_post_parameters_wrapper
    return view(request, *args, **kwargs)
  File "C:\Users\kusha\AppData\Local\Programs\Python\Python310\lib\site-packages\django\utils\decorators.py", line 48, in _wrapper
    return bound_method(*args, **kwargs)
  File "C:\Users\kusha\AppData\Local\Programs\Python\Python310\lib\site-packages\django\utils\decorators.py", line 192, in _view_wrapper
    result = _process_exception(request, e)
  File "C:\Users\kusha\AppData\Local\Programs\Python\Python310\lib\site-packages\django\utils\decorators.py", line 190, in _view_wrapper
    response = view_func(request, *args, **kwargs)
  File "C:\Users\kusha\AppData\Local\Programs\Python\Python310\lib\site-packages\django\utils\decorators.py", line 48, in _wrapper
    return bound_method(*args, **kwargs)
  File "C:\Users\kusha\AppData\Local\Programs\Python\Python310\lib\site-packages\django\views\decorators\cache.py", line 80, in _view_wrapper
    response = view_func(request, *args, **kwargs)
  File "C:\Users\kusha\AppData\Local\Programs\Python\Python310\lib\site-packages\django\contrib\auth\views.py", line 89, in dispatch
    return super().dispatch(request, *args, **kwargs)
  File "C:\Users\kusha\AppData\Local\Programs\Python\Python310\lib\site-packages\django\views\generic\base.py", line 144, in dispatch
    return handler(request, *args, **kwargs)
  File "C:\Users\kusha\AppData\Local\Programs\Python\Python310\lib\site-packages\django\views\generic\edit.py", line 150, in post
    if form.is_valid():
  File "C:\Users\kusha\AppData\Local\Programs\Python\Python310\lib\site-packages\django\forms\forms.py", line 206, in is_valid
    return self.is_bound and not self.errors
  File "C:\Users\kusha\AppData\Local\Programs\Python\Python310\lib\site-packages\django\forms\forms.py", line 201, in errors
    self.full_clean()
  File "C:\Users\kusha\AppData\Local\Programs\Python\Python310\lib\site-packages\django\forms\forms.py", line 338, in full_clean
    self._clean_form()
  File "C:\Users\kusha\AppData\Local\Programs\Python\Python310\lib\site-packages\django\forms\forms.py", line 354, in _clean_form
    cleaned_data = self.clean()
  File "C:\Users\kusha\AppData\Local\Programs\Python\Python310\lib\site-packages\django\views\decorators\debug.py", line 75, in sensitive_variables_wrapper
    return func(*func_args, **func_kwargs)
  File "C:\Users\kusha\AppData\Local\Programs\Python\Python310\lib\site-packages\django\contrib\auth\forms.py", line 366, in clean
    self.user_cache = authenticate(
  File "C:\Users\kusha\AppData\Local\Programs\Python\Python310\lib\site-packages\django\views\decorators\debug.py", line 75, in sensitive_variables_wrapper
    return func(*func_args, **func_kwargs)
  File "C:\Users\kusha\AppData\Local\Programs\Python\Python310\lib\site-packages\django\contrib\auth\__init__.py", line 114, in authenticate
    user = backend.authenticate(request, **credentials)
  File "C:\Users\kusha\AppData\Local\Programs\Python\Python310\lib\site-packages\django\contrib\auth\backends.py", line 71, in authenticate
    if user.check_password(password) and self.user_can_authenticate(user):
  File "C:\Users\kusha\AppData\Local\Programs\Python\Python310\lib\site-packages\django\contrib\auth\base_user.py", line 112, in check_password
    return check_password(raw_password, self.password, setter)
  File "C:\Users\kusha\AppData\Local\Programs\Python\Python310\lib\site-packages\django\contrib\auth\hashers.py", line 82, in check_password
    setter(password)
  File "C:\Users\kusha\AppData\Local\Programs\Python\Python310\lib\site-packages\django\contrib\auth\base_user.py", line 107, in setter
    self.set_password(raw_password)
  File "C:\Users\kusha\AppData\Local\Programs\Python\Python310\lib\site-packages\django\contrib\auth\base_user.py", line 97, in set_password
    self.password = make_password(raw_password)
  File "C:\Users\kusha\AppData\Local\Programs\Python\Python310\lib\site-packages\django\contrib\auth\hashers.py", line 113, in make_password
    return hasher.encode(password, salt)
  File "C:\Users\kusha\AppData\Local\Programs\Python\Python310\lib\site-packages\django\contrib\auth\hashers.py", line 396, in encode
    argon2 = self._load_library()
  File "C:\Users\kusha\AppData\Local\Programs\Python\Python310\lib\site-packages\django\contrib\auth\hashers.py", line 227, in _load_library
    raise ValueError(
ValueError: Couldn't load 'Argon2PasswordHasher' algorithm library: No module named 'argon2'
ERROR 2025-12-05 21:32:21,325 basehttp 13092 17780 "POST /admin/login/?next=/admin/ HTTP/1.1" 500 228602
INFO 2025-12-05 21:33:08,236 autoreload 13092 16368 D:\machione\ai\ai\settings.py changed, reloading.
INFO 2025-12-05 21:33:09,581 autoreload 17356 6624 Watching for file changes with StatReloader
INFO 2025-12-05 21:33:22,539 basehttp 17356 14440 "GET / HTTP/1.1" 200 15336
WARNING 2025-12-05 21:33:26,067 basehttp 17356 14440 "GET /favicon.ico HTTP/1.1" 404 3154
WARNING 2025-12-05 21:33:27,856 views 17356 14440 Failed login attempt 2 for user: kushal from IP: 127.0.0.1
INFO 2025-12-05 21:33:27,873 basehttp 17356 14440 "POST / HTTP/1.1" 200 15496
INFO 2025-12-05 21:33:37,208 basehttp 17356 14440 "POST / HTTP/1.1" 200 15924
INFO 2025-12-05 21:33:49,261 basehttp 17356 14440 "POST / HTTP/1.1" 200 15741
INFO 2025-12-05 21:33:53,571 basehttp 17356 14440 "GET /admin/ HTTP/1.1" 302 0
INFO 2025-12-05 21:33:53,678 basehttp 17356 14440 "GET /admin/login/?next=/admin/ HTTP/1.1" 200 4173
ERROR 2025-12-05 21:33:59,013 log 17356 14440 Internal Server Error: /admin/login/
Traceback (most recent call last):
  File "C:\Users\kusha\AppData\Local\Programs\Python\Python310\lib\site-packages\django\contrib\auth\hashers.py", line 225, in _load_library
    module = importlib.import_module(mod_path)
  File "C:\Users\kusha\AppData\Local\Programs\Python\Python310\lib\importlib\__init__.py", line 126, in import_module
    return _bootstrap._gcd_import(name[level:], package, level)
  File "<frozen importlib._bootstrap>", line 1050, in _gcd_import
  File "<frozen importlib._bootstrap>", line 1027, in _find_and_load
  File "<frozen importlib._bootstrap>", line 1004, in _find_and_load_unlocked
ModuleNotFoundError: No module named 'argon2'

During handling of the above exception, another exception occurred:

Traceback (most recent call last):
  File "C:\Users\kusha\AppData\Local\Programs\Python\Python310\lib\site-packages\django\core\handlers\exception.py", line 55, in inner
    response = get_response(request)
  File "C:\Users\kusha\AppData\Local\Programs\Python\Python310\lib\site-packages\django\core\handlers\base.py", line 197, in _get_response
    response = wrapped_callback(request, *callback_args, **callback_kwargs)
  File "C:\Users\kusha\AppData\Local\Programs\Python\Python310\lib\site-packages\django\utils\decorators.py", line 48, in _wrapper
    return bound_method(*args, **kwargs)
  File "C:\Users\kusha\AppData\Local\Programs\Python\Python310\lib\site-packages\django\views\decorators\cache.py", line 80, in _view_wrapper
    response = view_func(request, *args, **kwargs)
  File "C:\Users\kusha\AppData\Local\Programs\Python\Python310\lib\site-packages\django\contrib\admin\sites.py", line 449, in login
    return LoginView.as_view(**defaults)(request)
  File "C:\Users\kusha\AppData\Local\Programs\Python\Python310\lib\site-packages\django\views\generic\base.py", line 105, in view
    return self.dispatch(request, *args, **kwargs)
  File "C:\Users\kusha\AppData\Local\Programs\Python\Python310\lib\site-packages\django\utils\decorators.py", line 48, in _wrapper
    return bound_method(*args, **kwargs)
  File "C:\Users\kusha\AppData\Local\Programs\Python\Python310\lib\site-packages\django\utils\decorators.py", line 48, in _wrapper
    return bound_method(*args, **kwargs)
  File "C:\Users\kusha\AppData\Local\Programs\Python\Python310\lib\site-packages\django\views\decorators\debug.py", line 143, in sensitive_post_parameters_wrapper
    return view(request, *args, **kwargs)
  File "C:\Users\kusha\AppData\Local\Programs\Python\Python310\lib\site-packages\django\utils\decorators.py", line 48, in _wrapper
    return bound_method(*args, **kwargs)
  File "C:\Users\kusha\AppData\Local\Programs\Python\Python310\lib\site-packages\django\utils\decorators.py", line 192, in _view_wrapper
    result = _process_exception(request, e)
  File "C:\Users\kusha\AppData\Local\Programs\Python\Python310\lib\site-packages\django\utils\decorators.py", line 190, in _view_wrapper
    response = view_func(request, *args, **kwargs)
  File "C:\Users\kusha\AppData\Local\Programs\Python\Python310\lib\site-packages\django\utils\decorators.py", line 48, in _wrapper
    return bound_method(*args, **kwargs)
  File "C:\Users\kusha\AppData\Local\Programs\Python\Python310\lib\site-packages\django\views\decorators\cache.py", line 80, in _view_wrapper
    response = view_func(request, *args, **kwargs)
  File "C:\Users\kusha\AppData\Local\Programs\Python\Python310\lib\site-packages\django\contrib\auth\views.py", line 89, in dispatch
    return super().dispatch(request, *args, **kwargs)
  File "C:\Users\kusha\AppData\Local\Programs\Python\Python310\lib\site-packages\django\views\generic\base.py", line 144, in dispatch
    return handler(request, *args, **kwargs)
  File "C:\Users\kusha\AppData\Local\Programs\Python\Python310\lib\site-packages\django\views\generic\edit.py", line 150, in post
    if form.is_valid():
  File "C:\Users\kusha\AppData\Local\Programs\Python\Python310\lib\site-packages\django\forms\forms.py", line 206, in is_valid
    return self.is_bound and not self.errors
  File "C:\Users\kusha\AppData\Local\Programs\Python\Python310\lib\site-packages\django\forms\forms.py", line 201, in errors
    self.full_clean()
  File "C:\Users\kusha\AppData\Local\Programs\Python\Python310\lib\site-packages\django\forms\forms.py", line 338, in full_clean
    self._clean_form()
  File "C:\Users\kusha\AppData\Local\Programs\Python\Python310\lib\site-packages\django\forms\forms.py", line 354, in _clean_form
    cleaned_data = self.clean()
  File "C:\Users\kusha\AppData\Local\Programs\Python\Python310\lib\site-packages\django\views\decorators\debug.py", line 75, in sensitive_variables_wrapper
    return func(*func_args, **func_kwargs)
  File "C:\Users\kusha\AppData\Local\Programs\Python\Python310\lib\site-packages\django\contrib\auth\forms.py", line 366, in clean
    self.user_cache = authenticate(
  File "C:\Users\kusha\AppData\Local\Programs\Python\Python310\lib\site-packages\django\views\decorators\debug.py", line 75, in sensitive_variables_wrapper
    return func(*func_args, **func_kwargs)
  File "C:\Users\kusha\AppData\Local\Programs\Python\Python310\lib\site-packages\django\contrib\auth\__init__.py", line 114, in authenticate
    user = backend.authenticate(request, **credentials)
  File "C:\Users\kusha\AppData\Local\Programs\Python\Python310\lib\site-packages\django\contrib\auth\backends.py", line 71, in authenticate
    if user.check_password(password) and self.user_can_authenticate(user):
  File "C:\Users\kusha\AppData\Local\Programs\Python\Python310\lib\site-packages\django\contrib\auth\base_user.py", line 112, in check_password
    return check_password(raw_password, self.password, setter)
  File "C:\Users\kusha\AppData\Local\Programs\Python\Python310\lib\site-packages\django\contrib\auth\hashers.py", line 82, in check_password
    setter(password)
  File "C:\Users\kusha\AppData\Local\Programs\Python\Python310\lib\site-packages\django\contrib\auth\base_user.py", line 107, in setter
    self.set_password(raw_password)
  File "C:\Users\kusha\AppData\Local\Programs\Python\Python310\lib\site-packages\django\contrib\auth\base_user.py", line 97, in set_password
    self.password = make_password(raw_password)
  File "C:\Users\kusha\AppData\Local\Programs\Python\Python310\lib\site-packages\django\contrib\auth\hashers.py", line 113, in make_password
    return hasher.encode(password, salt)
  File "C:\Users\kusha\AppData\Local\Programs\Python\Python310\lib\site-packages\django\contrib\auth\hashers.py", line 396, in encode
    argon2 = self._load_library()
  File "C:\Users\kusha\AppData\Local\Programs\Python\Python310\lib\site-packages\django\contrib\auth\hashers.py", line 227, in _load_library
    raise ValueError(
ValueError: Couldn't load 'Argon2PasswordHasher' algorithm library: No module named 'argon2'
INFO 2025-12-05 21:33:59,026 basehttp 17356 14440 - Broken pipe from ('127.0.0.1', 55329)
ERROR 2025-12-05 21:33:59,749 log 17356 1068 Internal Server Error: /admin/login/
Traceback (most recent call last):
  File "C:\Users\kusha\AppData\Local\Programs\Python\Python310\lib\site-packages\django\contrib\auth\hashers.py", line 225, in _load_library
    module = importlib.import_module(mod_path)
  File "C:\Users\kusha\AppData\Local\Programs\Python\Python310\lib\importlib\__init__.py", line 126, in import_module
    return _bootstrap._gcd_import(name[level:], package, level)
  File "<frozen importlib._bootstrap>", line 1050, in _gcd_import
  File "<frozen importlib._bootstrap>", line 1027, in _find_and_load
  File "<frozen importlib._bootstrap>", line 1004, in _find_and_load_unlocked
ModuleNotFoundError: No module named 'argon2'

During handling of the above exception, another exception occurred:

Traceback (most recent call last):
  File "C:\Users\kusha\AppData\Local\Programs\Python\Python310\lib\site-packages\django\core\handlers\exception.py", line 55, in inner
    response = get_response(request)
  File "C:\Users\kusha\AppData\Local\Programs\Python\Python310\lib\site-packages\django\core\handlers\base.py", line 197, in _get_response
    response = wrapped_callback(request, *callback_args, **callback_kwargs)
  File "C:\Users\kusha\AppData\Local\Programs\Python\Python310\lib\site-packages\django\utils\decorators.py", line 48, in _wrapper
    return bound_method(*args, **kwargs)
  File "C:\Users\kusha\AppData\Local\Programs\Python\Python310\lib\site-packages\django\views\decorators\cache.py", line 80, in _view_wrapper
    response = view_func(request, *args, **kwargs)
  File "C:\Users\kusha\AppData\Local\Programs\Python\Python310\lib\site-packages\django\contrib\admin\sites.py", line 449, in login
    return LoginView.as_view(**defaults)(request)
  File "C:\Users\kusha\AppData\Local\Programs\Python\Python310\lib\site-packages\django\views\generic\base.py", line 105, in view
    return self.dispatch(request, *args, **kwargs)
  File "C:\Users\kusha\AppData\Local\Programs\Python\Python310\lib\site-packages\django\utils\decorators.py", line 48, in _wrapper
    return bound_method(*args, **kwargs)
  File "C:\Users\kusha\AppData\Local\Programs\Python\Python310\lib\site-packages\django\utils\decorators.py", line 48, in _wrapper
    return bound_method(*args, **kwargs)
  File "C:\Users\kusha\AppData\Local\Programs\Python\Python310\lib\site-packages\django\views\decorators\debug.py", line 143, in sensitive_post_parameters_wrapper
    return view(request, *args, **kwargs)
  File "C:\Users\kusha\AppData\Local\Programs\Python\Python310\lib\site-packages\django\utils\decorators.py", line 48, in _wrapper
    return bound_method(*args, **kwargs)
  File "C:\Users\kusha\AppData\Local\Programs\Python\Python310\lib\site-packages\django\utils\decorators.py", line 192, in _view_wrapper
    result = _process_exception(request, e)
  File "C:\Users\kusha\AppData\Local\Programs\Python\Python310\lib\site-packages\django\utils\decorators.py", line 190, in _view_wrapper
    response = view_func(request, *args, **kwargs)
  File "C:\Users\kusha\AppData\Local\Programs\Python\Python310\lib\site-packages\django\utils\decorators.py", line 48, in _wrapper
    return bound_method(*args, **kwargs)
  File "C:\Users\kusha\AppData\Local\Programs\Python\Python310\lib\site-packages\django\views\decorators\cache.py", line 80, in _view_wrapper
    response = view_func(request, *args, **kwargs)
  File "C:\Users\kusha\AppData\Local\Programs\Python\Python310\lib\site-packages\django\contrib\auth\views.py", line 89, in dispatch
    return super().dispatch(request, *args, **kwargs)
  File "C:\Users\kusha\AppData\Local\Programs\Python\Python310\lib\site-packages\django\views\generic\base.py", line 144, in dispatch
    return handler(request, *args, **kwargs)
  File "C:\Users\kusha\AppData\Local\Programs\Python\Python310\lib\site-packages\django\views\generic\edit.py", line 150, in post
    if form.is_valid():
  File "C:\Users\kusha\AppData\Local\Programs\Python\Python310\lib\site-packages\django\forms\forms.py", line 206, in is_valid
    return self.is_bound and not self.errors
  File "C:\Users\kusha\AppData\Local\Programs\Python\Python310\lib\site-packages\django\forms\forms.py", line 201, in errors
    self.full_clean()
  File "C:\Users\kusha\AppData\Local\Programs\Python\Python310\lib\site-packages\django\forms\forms.py", line 338, in full_clean
    self._clean_form()
  File "C:\Users\kusha\AppData\Local\Programs\Python\Python310\lib\site-packages\django\forms\forms.py", line 354, in _clean_form
    cleaned_data = self.clean()
  File "C:\Users\kusha\AppData\Local\Programs\Python\Python310\lib\site-packages\django\views\decorators\debug.py", line 75, in sensitive_variables_wrapper
    return func(*func_args, **func_kwargs)
  File "C:\Users\kusha\AppData\Local\Programs\Python\Python310\lib\site-packages\django\contrib\auth\forms.py", line 366, in clean
    self.user_cache = authenticate(
  File "C:\Users\kusha\AppData\Local\Programs\Python\Python310\lib\site-packages\django\views\decorators\debug.py", line 75, in sensitive_variables_wrapper
    return func(*func_args, **func_kwargs)
  File "C:\Users\kusha\AppData\Local\Programs\Python\Python310\lib\site-packages\django\contrib\auth\__init__.py", line 114, in authenticate
    user = backend.authenticate(request, **credentials)
  File "C:\Users\kusha\AppData\Local\Programs\Python\Python310\lib\site-packages\django\contrib\auth\backends.py", line 71, in authenticate
    if user.check_password(password) and self.user_can_authenticate(user):
  File "C:\Users\kusha\AppData\Local\Programs\Python\Python310\lib\site-packages\django\contrib\auth\base_user.py", line 112, in check_password
    return check_password(raw_password, self.password, setter)
  File "C:\Users\kusha\AppData\Local\Programs\Python\Python310\lib\site-packages\django\contrib\auth\hashers.py", line 82, in check_password
    setter(password)
  File "C:\Users\kusha\AppData\Local\Programs\Python\Python310\lib\site-packages\django\contrib\auth\base_user.py", line 107, in setter
    self.set_password(raw_password)
  File "C:\Users\kusha\AppData\Local\Programs\Python\Python310\lib\site-packages\django\contrib\auth\base_user.py", line 97, in set_password
    self.password = make_password(raw_password)
  File "C:\Users\kusha\AppData\Local\Programs\Python\Python310\lib\site-packages\django\contrib\auth\hashers.py", line 113, in make_password
    return hasher.encode(password, salt)
  File "C:\Users\kusha\AppData\Local\Programs\Python\Python310\lib\site-packages\django\contrib\auth\hashers.py", line 396, in encode
    argon2 = self._load_library()
  File "C:\Users\kusha\AppData\Local\Programs\Python\Python310\lib\site-packages\django\contrib\auth\hashers.py", line 227, in _load_library
    raise ValueError(
ValueError: Couldn't load 'Argon2PasswordHasher' algorithm library: No module named 'argon2'
ERROR 2025-12-05 21:33:59,755 basehttp 17356 1068 "POST /admin/login/?next=/admin/ HTTP/1.1" 500 228602
INFO 2025-12-05 21:34:40,529 autoreload 16100 2532 Watching for file changes with StatReloader
INFO 2025-12-05 21:34:43,645 basehttp 16100 22940 "GET / HTTP/1.1" 200 15336
INFO 2025-12-05 21:34:46,980 basehttp 16100 22940 "GET /assistant/improve HTTP/1.1" 200 17912
INFO 2025-12-05 21:34:48,340 basehttp 16100 22940 "GET / HTTP/1.1" 200 15336
INFO 2025-12-05 21:35:00,776 basehttp 16100 22940 "POST / HTTP/1.1" 200 15741
WARNING 2025-12-05 21:35:08,393 views 16100 22940 Failed login attempt 3 for user: kushal from IP: 127.0.0.1
INFO 2025-12-05 21:35:08,435 basehttp 16100 22940 "POST / HTTP/1.1" 200 15496
INFO 2025-12-05 21:35:14,790 basehttp 16100 22940 "GET /admin/ HTTP/1.1" 302 0
INFO 2025-12-05 21:35:14,890 basehttp 16100 22940 "GET /admin/login/?next=/admin/ HTTP/1.1" 200 4173
INFO 2025-12-05 21:35:18,181 basehttp 16100 22940 "POST /admin/login/?next=/admin/ HTTP/1.1" 200 4342
INFO 2025-12-05 21:35:40,776 autoreload 11108 16088 Watching for file changes with StatReloader
INFO 2025-12-05 21:35:44,964 basehttp 11108 14240 "GET / HTTP/1.1" 200 15336
INFO 2025-12-05 21:35:49,232 basehttp 11108 14240 "GET /assistant/improve HTTP/1.1" 200 17912
WARNING 2025-12-05 21:35:54,247 basehttp 11108 14240 "POST /assistant/api/improve/ HTTP/1.1" 403 58
INFO 2025-12-05 21:35:58,055 basehttp 11108 14240 "GET /quiz/quiz HTTP/1.1" 200 30676
INFO 2025-12-05 21:36:14,825 basehttp 11108 18904 "GET /assistant/improve HTTP/1.1" 200 17912
INFO 2025-12-05 21:36:16,442 basehttp 11108 18904 "GET /quiz/quiz HTTP/1.1" 200 30676
INFO 2025-12-05 21:39:11,397 autoreload 1472 22524 Watching for file changes with StatReloader
INFO 2025-12-05 21:48:47,523 autoreload 1472 22524 D:\machione\ai\user\models.py changed, reloading.
INFO 2025-12-05 21:48:48,741 autoreload 22860 11748 Watching for file changes with StatReloader
INFO 2025-12-05 21:53:08,200 autoreload 8640 16052 Watching for file changes with StatReloader
INFO 2025-12-05 21:53:12,664 basehttp 8640 5972 "GET / HTTP/1.1" 200 15336
WARNING 2025-12-05 21:53:16,372 basehttp 8640 5972 "GET /favicon.ico HTTP/1.1" 404 3154
INFO 2025-12-05 21:53:19,951 basehttp 8640 14556 "GET /admin/ HTTP/1.1" 302 0
INFO 2025-12-05 21:53:20,313 basehttp 8640 14556 "GET /admin/login/?next=/admin/ HTTP/1.1" 200 4173
INFO 2025-12-05 21:53:23,042 basehttp 8640 14556 "POST /admin/login/?next=/admin/ HTTP/1.1" 200 4342
ERROR 2025-12-05 21:53:29,405 log 8640 21904 Internal Server Error: /admin/login/
Traceback (most recent call last):
  File "C:\Users\kusha\AppData\Local\Programs\Python\Python310\lib\site-packages\django\contrib\auth\hashers.py", line 225, in _load_library
    module = importlib.import_module(mod_path)
  File "C:\Users\kusha\AppData\Local\Programs\Python\Python310\lib\importlib\__init__.py", line 126, in import_module
    return _bootstrap._gcd_import(name[level:], package, level)
  File "<frozen importlib._bootstrap>", line 1050, in _gcd_import
  File "<frozen importlib._bootstrap>", line 1027, in _find_and_load
  File "<frozen importlib._bootstrap>", line 1004, in _find_and_load_unlocked
ModuleNotFoundError: No module named 'argon2'

During handling of the above exception, another exception occurred:

Traceback (most recent call last):
  File "C:\Users\kusha\AppData\Local\Programs\Python\Python310\lib\site-packages\django\core\handlers\exception.py", line 55, in inner
    response = get_response(request)
  File "C:\Users\kusha\AppData\Local\Programs\Python\Python310\lib\site-packages\django\core\handlers\base.py", line 197, in _get_response
    response = wrapped_callback(request, *callback_args, **callback_kwargs)
  File "C:\Users\kusha\AppData\Local\Programs\Python\Python310\lib\site-packages\django\utils\decorators.py", line 48, in _wrapper
    return bound_method(*args, **kwargs)
  File "C:\Users\kusha\AppData\Local\Programs\Python\Python310\lib\site-packages\django\views\decorators\cache.py", line 80, in _view_wrapper
    response = view_func(request, *args, **kwargs)
  File "C:\Users\kusha\AppData\Local\Programs\Python\Python310\lib\site-packages\django\contrib\admin\sites.py", line 449, in login
    return LoginView.as_view(**defaults)(request)
  File "C:\Users\kusha\AppData\Local\Programs\Python\Python310\lib\site-packages\django\views\generic\base.py", line 105, in view
    return self.dispatch(request, *args, **kwargs)
  File "C:\Users\kusha\AppData\Local\Programs\Python\Python310\lib\site-packages\django\utils\decorators.py", line 48, in _wrapper
    return bound_method(*args, **kwargs)
  File "C:\Users\kusha\AppData\Local\Programs\Python\Python310\lib\site-packages\django\utils\decorators.py", line 48, in _wrapper
    return bound_method(*args, **kwargs)
  File "C:\Users\kusha\AppData\Local\Programs\Python\Python310\lib\site-packages\django\views\decorators\debug.py", line 143, in sensitive_post_parameters_wrapper
    return view(request, *args, **kwargs)
  File "C:\Users\kusha\AppData\Local\Programs\Python\Python310\lib\site-packages\django\utils\decorators.py", line 48, in _wrapper
    return bound_method(*args, **kwargs)
  File "C:\Users\kusha\AppData\Local\Programs\Python\Python310\lib\site-packages\django\utils\decorators.py", line 192, in _view_wrapper
    result = _process_exception(request, e)
  File "C:\Users\kusha\AppData\Local\Programs\Python\Python310\lib\site-packages\django\utils\decorators.py", line 190, in _view_wrapper
    response = view_func(request, *args, **kwargs)
  File "C:\Users\kusha\AppData\Local\Programs\Python\Python310\lib\site-packages\django\utils\decorators.py", line 48, in _wrapper
    return bound_method(*args, **kwargs)
  File "C:\Users\kusha\AppData\Local\Programs\Python\Python310\lib\site-packages\django\views\decorators\cache.py", line 80, in _view_wrapper
    response = view_func(request, *args, **kwargs)
  File "C:\Users\kusha\AppData\Local\Programs\Python\Python310\lib\site-packages\django\contrib\auth\views.py", line 89, in dispatch
    return super().dispatch(request, *args, **kwargs)
  File "C:\Users\kusha\AppData\Local\Programs\Python\Python310\lib\site-packages\django\views\generic\base.py", line 144, in dispatch
    return handler(request, *args, **kwargs)
  File "C:\Users\kusha\AppData\Local\Programs\Python\Python310\lib\site-packages\django\views\generic\edit.py", line 150, in post
    if form.is_valid():
  File "C:\Users\kusha\AppData\Local\Programs\Python\Python310\lib\site-packages\django\forms\forms.py", line 206, in is_valid
    return self.is_bound and not self.errors
  File "C:\Users\kusha\AppData\Local\Programs\Python\Python310\lib\site-packages\django\forms\forms.py", line 201, in errors
    self.full_clean()
  File "C:\Users\kusha\AppData\Local\Programs\Python\Python310\lib\site-packages\django\forms\forms.py", line 338, in full_clean
    self._clean_form()
  File "C:\Users\kusha\AppData\Local\Programs\Python\Python310\lib\site-packages\django\forms\forms.py", line 354, in _clean_form
    cleaned_data = self.clean()
  File "C:\Users\kusha\AppData\Local\Programs\Python\Python310\lib\site-packages\django\views\decorators\debug.py", line 75, in sensitive_variables_wrapper
    return func(*func_args, **func_kwargs)
  File "C:\Users\kusha\AppData\Local\Programs\Python\Python310\lib\site-packages\django\contrib\auth\forms.py", line 366, in clean
    self.user_cache = authenticate(
  File "C:\Users\kusha\AppData\Local\Programs\Python\Python310\lib\site-packages\django\views\decorators\debug.py", line 75, in sensitive_variables_wrapper
    return func(*func_args, **func_kwargs)
  File "C:\Users\kusha\AppData\Local\Programs\Python\Python310\lib\site-packages\django\contrib\auth\__init__.py", line 114, in authenticate
    user = backend.authenticate(request, **credentials)
  File "C:\Users\kusha\AppData\Local\Programs\Python\Python310\lib\site-packages\django\contrib\auth\backends.py", line 71, in authenticate
    if user.check_password(password) and self.user_can_authenticate(user):
  File "C:\Users\kusha\AppData\Local\Programs\Python\Python310\lib\site-packages\django\contrib\auth\base_user.py", line 112, in check_password
    return check_password(raw_password, self.password, setter)
  File "C:\Users\kusha\AppData\Local\Programs\Python\Python310\lib\site-packages\django\contrib\auth\hashers.py", line 82, in check_password
    setter(password)
  File "C:\Users\kusha\AppData\Local\Programs\Python\Python310\lib\site-packages\django\contrib\auth\base_user.py", line 107, in setter
    self.set_password(raw_password)
  File "C:\Users\kusha\AppData\Local\Programs\Python\Python310\lib\site-packages\django\contrib\auth\base_user.py", line 97, in set_password
    self.password = make_password(raw_password)
  File "C:\Users\kusha\AppData\Local\Programs\Python\Python310\lib\site-packages\django\contrib\auth\hashers.py", line 113, in make_password
    return hasher.encode(password, salt)
  File "C:\Users\kusha\AppData\Local\Programs\Python\Python310\lib\site-packages\django\contrib\auth\hashers.py", line 396, in encode
    argon2 = self._load_library()
  File "C:\Users\kusha\AppData\Local\Programs\Python\Python310\lib\site-packages\django\contrib\auth\hashers.py", line 227, in _load_library
    raise ValueError(
ValueError: Couldn't load 'Argon2PasswordHasher' algorithm library: No module named 'argon2'
ERROR 2025-12-05 21:53:29,416 basehttp 8640 21904 "POST /admin/login/?next=/admin/ HTTP/1.1" 500 228602
INFO 2025-12-05 21:55:10,118 autoreload 5308 7716 Watching for file changes with StatReloader
INFO 2025-12-05 21:55:18,206 basehttp 5308 8176 "GET / HTTP/1.1" 200 15336
INFO 2025-12-05 21:55:21,565 basehttp 5308 8176 "GET /assistant/improve HTTP/1.1" 200 17912
WARNING 2025-12-05 21:55:26,176 basehttp 5308 8176 "POST /assistant/api/improve/ HTTP/1.1" 403 58
WARNING 2025-12-05 21:55:27,552 basehttp 5308 13040 "POST /assistant/api/improve/ HTTP/1.1" 403 58
WARNING 2025-12-05 21:55:27,722 basehttp 5308 13040 "POST /assistant/api/improve/ HTTP/1.1" 403 58
WARNING 2025-12-05 21:55:27,879 basehttp 5308 13040 "POST /assistant/api/improve/ HTTP/1.1" 403 58
WARNING 2025-12-05 21:55:28,023 basehttp 5308 13040 "POST /assistant/api/improve/ HTTP/1.1" 403 58
WARNING 2025-12-05 21:55:28,148 basehttp 5308 13040 "POST /assistant/api/improve/ HTTP/1.1" 403 58
WARNING 2025-12-05 21:55:28,296 basehttp 5308 13040 "POST /assistant/api/improve/ HTTP/1.1" 403 58
WARNING 2025-12-05 21:55:28,420 basehttp 5308 13040 "POST /assistant/api/improve/ HTTP/1.1" 403 58
WARNING 2025-12-05 21:55:28,558 basehttp 5308 13040 "POST /assistant/api/improve/ HTTP/1.1" 403 58
WARNING 2025-12-05 21:55:28,720 basehttp 5308 13040 "POST /assistant/api/improve/ HTTP/1.1" 403 58
WARNING 2025-12-05 21:55:28,899 basehttp 5308 13040 "POST /assistant/api/improve/ HTTP/1.1" 403 58
WARNING 2025-12-05 21:55:29,046 basehttp 5308 13040 "POST /assistant/api/improve/ HTTP/1.1" 403 58
WARNING 2025-12-05 21:55:29,198 basehttp 5308 13040 "POST /assistant/api/improve/ HTTP/1.1" 403 58
WARNING 2025-12-05 21:55:29,353 basehttp 5308 13040 "POST /assistant/api/improve/ HTTP/1.1" 403 58
WARNING 2025-12-05 21:55:29,493 basehttp 5308 13040 "POST /assistant/api/improve/ HTTP/1.1" 403 58
WARNING 2025-12-05 21:55:29,624 basehttp 5308 13040 "POST /assistant/api/improve/ HTTP/1.1" 403 58
WARNING 2025-12-05 21:55:29,756 basehttp 5308 13040 "POST /assistant/api/improve/ HTTP/1.1" 403 58
WARNING 2025-12-05 21:55:29,888 basehttp 5308 13040 "POST /assistant/api/improve/ HTTP/1.1" 403 58
WARNING 2025-12-05 21:55:30,048 basehttp 5308 13040 "POST /assistant/api/improve/ HTTP/1.1" 403 58
WARNING 2025-12-05 21:55:30,229 basehttp 5308 13040 "POST /assistant/api/improve/ HTTP/1.1" 403 58
WARNING 2025-12-05 21:55:30,389 basehttp 5308 13040 "POST /assistant/api/improve/ HTTP/1.1" 403 58
WARNING 2025-12-05 21:55:30,532 basehttp 5308 13040 "POST /assistant/api/improve/ HTTP/1.1" 403 58
WARNING 2025-12-05 21:55:30,700 basehttp 5308 13040 "POST /assistant/api/improve/ HTTP/1.1" 403 58
WARNING 2025-12-05 21:55:30,864 basehttp 5308 13040 "POST /assistant/api/improve/ HTTP/1.1" 403 58
WARNING 2025-12-05 21:55:31,017 basehttp 5308 13040 "POST /assistant/api/improve/ HTTP/1.1" 403 58
WARNING 2025-12-05 21:55:31,186 basehttp 5308 13040 "POST /assistant/api/improve/ HTTP/1.1" 403 58
WARNING 2025-12-05 21:55:31,350 basehttp 5308 13040 "POST /assistant/api/improve/ HTTP/1.1" 403 58
INFO 2025-12-05 21:56:32,190 basehttp 5308 19616 "GET /quiz/quiz HTTP/1.1" 200 30676
INFO 2025-12-06 11:50:40,184 autoreload 21648 23964 Watching for file changes with StatReloader
INFO 2025-12-06 11:50:46,099 basehttp 21648 8732 "GET / HTTP/1.1" 200 15970
INFO 2025-12-06 11:50:46,268 basehttp 21648 8732 "GET /static/css/main.css HTTP/1.1" 304 0
WARNING 2025-12-06 11:50:50,268 basehttp 21648 8732 "GET /favicon.ico HTTP/1.1" 404 3154
ERROR 2025-12-06 11:50:55,384 log 21648 8732 Internal Server Error: /
Traceback (most recent call last):
  File "C:\Users\kusha\AppData\Local\Programs\Python\Python310\lib\site-packages\django\contrib\auth\hashers.py", line 225, in _load_library
    module = importlib.import_module(mod_path)
  File "C:\Users\kusha\AppData\Local\Programs\Python\Python310\lib\importlib\__init__.py", line 126, in import_module
    return _bootstrap._gcd_import(name[level:], package, level)
  File "<frozen importlib._bootstrap>", line 1050, in _gcd_import
  File "<frozen importlib._bootstrap>", line 1027, in _find_and_load
  File "<frozen importlib._bootstrap>", line 1004, in _find_and_load_unlocked
ModuleNotFoundError: No module named 'argon2'

During handling of the above exception, another exception occurred:

Traceback (most recent call last):
  File "C:\Users\kusha\AppData\Local\Programs\Python\Python310\lib\site-packages\django\core\handlers\exception.py", line 55, in inner
    response = get_response(request)
  File "C:\Users\kusha\AppData\Local\Programs\Python\Python310\lib\site-packages\django\core\handlers\base.py", line 197, in _get_response
    response = wrapped_callback(request, *callback_args, **callback_kwargs)
  File "D:\machione\ai\user\views.py", line 13, in user_login
    if form.is_valid():
  File "C:\Users\kusha\AppData\Local\Programs\Python\Python310\lib\site-packages\django\forms\forms.py", line 206, in is_valid
    return self.is_bound and not self.errors
  File "C:\Users\kusha\AppData\Local\Programs\Python\Python310\lib\site-packages\django\forms\forms.py", line 201, in errors
    self.full_clean()
  File "C:\Users\kusha\AppData\Local\Programs\Python\Python310\lib\site-packages\django\forms\forms.py", line 338, in full_clean
    self._clean_form()
  File "C:\Users\kusha\AppData\Local\Programs\Python\Python310\lib\site-packages\django\forms\forms.py", line 354, in _clean_form
    cleaned_data = self.clean()
  File "C:\Users\kusha\AppData\Local\Programs\Python\Python310\lib\site-packages\django\views\decorators\debug.py", line 75, in sensitive_variables_wrapper
    return func(*func_args, **func_kwargs)
  File "C:\Users\kusha\AppData\Local\Programs\Python\Python310\lib\site-packages\django\contrib\auth\forms.py", line 366, in clean
    self.user_cache = authenticate(
  File "C:\Users\kusha\AppData\Local\Programs\Python\Python310\lib\site-packages\django\views\decorators\debug.py", line 75, in sensitive_variables_wrapper
    return func(*func_args, **func_kwargs)
  File "C:\Users\kusha\AppData\Local\Programs\Python\Python310\lib\site-packages\django\contrib\auth\__init__.py", line 114, in authenticate
    user = backend.authenticate(request, **credentials)
  File "C:\Users\kusha\AppData\Local\Programs\Python\Python310\lib\site-packages\django\contrib\auth\backends.py", line 71, in authenticate
    if user.check_password(password) and self.user_can_authenticate(user):
  File "C:\Users\kusha\AppData\Local\Programs\Python\Python310\lib\site-packages\django\contrib\auth\base_user.py", line 112, in check_password
    return check_password(raw_password, self.password, setter)
  File "C:\Users\kusha\AppData\Local\Programs\Python\Python310\lib\site-packages\django\contrib\auth\hashers.py", line 82, in check_password
    setter(password)
  File "C:\Users\kusha\AppData\Local\Programs\Python\Python310\lib\site-packages\django\contrib\auth\base_user.py", line 107, in setter
    self.set_password(raw_password)
  File "C:\Users\kusha\AppData\Local\Programs\Python\Python310\lib\site-packages\django\contrib\auth\base_user.py", line 97, in set_password
    self.password = make_password(raw_password)
  File "C:\Users\kusha\AppData\Local\Programs\Python\Python310\lib\site-packages\django\contrib\auth\hashers.py", line 113, in make_password
    return hasher.encode(password, salt)
  File "C:\Users\kusha\AppData\Local\Programs\Python\Python310\lib\site-packages\django\contrib\auth\hashers.py", line 396, in encode
    argon2 = self._load_library()
  File "C:\Users\kusha\AppData\Local\Programs\Python\Python310\lib\site-packages\django\contrib\auth\hashers.py", line 227, in _load_library
    raise ValueError(
ValueError: Couldn't load 'Argon2PasswordHasher' algorithm library: No module named 'argon2'
ERROR 2025-12-06 11:50:55,393 basehttp 21648 8732 "POST / HTTP/1.1" 500 156286
INFO 2025-12-06 11:51:34,559 autoreload 21648 23964 D:\machione\ai\ai\settings.py changed, reloading.
INFO 2025-12-06 11:51:36,081 autoreload 9580 22100 Watching for file changes with StatReloader
INFO 2025-12-06 11:51:58,835 basehttp 9580 14232 "GET / HTTP/1.1" 200 15970
INFO 2025-12-06 11:52:08,030 basehttp 9580 14232 "POST / HTTP/1.1" 302 0
INFO 2025-12-06 11:52:08,065 basehttp 9580 14232 "GET /quiz/quiz HTTP/1.1" 200 31787
INFO 2025-12-06 11:52:53,357 autoreload 2752 6756 Watching for file changes with StatReloader
INFO 2025-12-06 11:52:56,084 basehttp 2752 1312 "GET / HTTP/1.1" 302 0
INFO 2025-12-06 11:52:56,146 basehttp 2752 1312 "GET /quiz/quiz HTTP/1.1" 200 31651
INFO 2025-12-06 11:53:00,121 basehttp 2752 21680 "GET /assistant/improve HTTP/1.1" 200 18887
WARNING 2025-12-06 11:53:01,427 basehttp 2752 21680 "GET /favicon.ico HTTP/1.1" 404 3154
INFO 2025-12-06 11:53:24,508 basehttp 2752 8916 "GET / HTTP/1.1" 302 0
INFO 2025-12-06 11:53:24,564 basehttp 2752 8916 "GET /quiz/quiz HTTP/1.1" 200 31651
INFO 2025-12-06 11:53:27,458 basehttp 2752 15548 "GET /assistant/improve HTTP/1.1" 200 18887
INFO 2025-12-06 11:53:42,451 basehttp 2752 8916 "GET /quiz/api/new/ HTTP/1.1" 200 1220
INFO 2025-12-06 11:54:15,921 basehttp 2752 21680 "POST /assistant/api/improve/ HTTP/1.1" 200 18
INFO 2025-12-06 11:54:16,942 basehttp 2752 15548 "POST /assistant/api/improve/ HTTP/1.1" 200 31
INFO 2025-12-06 12:04:48,969 autoreload 7816 25428 Watching for file changes with StatReloader
INFO 2025-12-06 12:04:53,312 basehttp 7816 24892 "GET / HTTP/1.1" 302 0
INFO 2025-12-06 12:04:53,383 basehttp 7816 24892 "GET /quiz/quiz HTTP/1.1" 200 31651
WARNING 2025-12-06 12:04:57,781 basehttp 7816 24884 "GET /favicon.ico HTTP/1.1" 404 3154
INFO 2025-12-06 12:04:59,224 basehttp 7816 24884 "GET /assistant/improve HTTP/1.1" 200 18887
INFO 2025-12-06 12:05:03,008 basehttp 7816 24884 "GET /quiz/quiz HTTP/1.1" 200 31651
INFO 2025-12-06 12:05:20,056 basehttp 7816 24892 "GET /quiz/api/new/ HTTP/1.1" 200 968
INFO 2025-12-06 12:05:28,730 basehttp 7816 24892 "GET /quiz/api/new/ HTTP/1.1" 200 849
INFO 2025-12-06 18:41:35,505 autoreload 22096 7536 Watching for file changes with StatReloader
INFO 2025-12-06 18:41:39,448 basehttp 22096 12308 "GET / HTTP/1.1" 200 15970
INFO 2025-12-06 18:41:39,521 basehttp 22096 12308 "GET /static/css/main.css HTTP/1.1" 304 0
WARNING 2025-12-06 18:41:42,804 basehttp 22096 12308 "GET /favicon.ico HTTP/1.1" 404 3154
INFO 2025-12-06 18:41:47,702 basehttp 22096 12308 "POST / HTTP/1.1" 302 0
INFO 2025-12-06 18:41:47,834 basehttp 22096 12308 "GET /quiz/quiz HTTP/1.1" 200 31787
INFO 2025-12-06 18:41:49,941 basehttp 22096 21560 "GET /assistant/improve HTTP/1.1" 200 18887
INFO 2025-12-06 18:43:07,095 basehttp 22096 21560 "POST /assistant/api/improve/ HTTP/1.1" 200 49
INFO 2025-12-06 18:44:06,745 basehttp 22096 21560 "POST /assistant/api/improve/ HTTP/1.1" 200 51
INFO 2025-12-06 18:44:14,729 basehttp 22096 21560 "GET /quiz/quiz HTTP/1.1" 200 31651
INFO 2025-12-07 16:25:11,065 autoreload 19672 18328 Watching for file changes with StatReloader
INFO 2025-12-07 16:28:24,866 basehttp 19672 20020 "GET / HTTP/1.1" 200 21454
INFO 2025-12-07 16:28:24,980 basehttp 19672 20020 "GET /static/css/main.css HTTP/1.1" 304 0
WARNING 2025-12-07 16:28:27,878 basehttp 19672 20020 "GET /favicon.ico HTTP/1.1" 404 3154
INFO 2025-12-07 16:28:40,578 basehttp 19672 20020 "POST / HTTP/1.1" 302 0
INFO 2025-12-07 16:28:40,606 basehttp 19672 20020 "GET /quiz/quiz HTTP/1.1" 200 39337
INFO 2025-12-07 16:30:13,255 autoreload 12256 11960 Watching for file changes with StatReloader
INFO 2025-12-07 16:30:15,915 basehttp 12256 11124 "GET / HTTP/1.1" 302 0
INFO 2025-12-07 16:30:15,972 basehttp 12256 11124 "GET /quiz/quiz HTTP/1.1" 200 39201
WARNING 2025-12-07 16:30:19,064 basehttp 12256 15456 "GET /favicon.ico HTTP/1.1" 404 3154
INFO 2025-12-07 16:30:27,657 basehttp 12256 15456 "GET /assistant/improve HTTP/1.1" 200 28266
INFO 2025-12-07 16:33:31,330 autoreload 21224 18068 Watching for file changes with StatReloader
INFO 2025-12-07 16:33:34,437 basehttp 21224 21844 "GET / HTTP/1.1" 302 0
INFO 2025-12-07 16:33:34,495 basehttp 21224 21844 "GET /quiz/quiz HTTP/1.1" 200 39201
WARNING 2025-12-07 16:33:37,795 basehttp 21224 18480 "GET /favicon.ico HTTP/1.1" 404 3154
INFO 2025-12-07 16:33:37,902 basehttp 21224 18480 "GET / HTTP/1.1" 302 0
INFO 2025-12-07 16:33:37,929 basehttp 21224 18480 "GET /quiz/quiz HTTP/1.1" 200 39201
INFO 2025-12-07 16:33:39,097 basehttp 21224 10360 "GET / HTTP/1.1" 302 0
INFO 2025-12-07 16:33:39,124 basehttp 21224 10360 "GET /quiz/quiz HTTP/1.1" 200 39201
INFO 2025-12-07 16:33:40,605 basehttp 21224 15560 "GET /quiz/quiz HTTP/1.1" 200 39201
INFO 2025-12-07 16:34:26,563 autoreload 16460 10976 Watching for file changes with StatReloader
INFO 2025-12-07 16:34:32,149 basehttp 16460 20876 "GET / HTTP/1.1" 302 0
INFO 2025-12-07 16:34:32,202 basehttp 16460 20876 "GET /quiz/quiz HTTP/1.1" 200 40463
WARNING 2025-12-07 16:34:36,345 basehttp 16460 6636 "GET /favicon.ico HTTP/1.1" 404 3154
INFO 2025-12-07 16:34:38,714 basehttp 16460 6636 "POST /logout/ HTTP/1.1" 302 0
INFO 2025-12-07 16:34:38,735 basehttp 16460 6636 "GET / HTTP/1.1" 200 22658
INFO 2025-12-07 16:35:22,969 autoreload 14512 22524 Watching for file changes with StatReloader
INFO 2025-12-07 16:35:27,995 basehttp 14512 22632 "GET / HTTP/1.1" 200 22510
INFO 2025-12-07 16:35:28,227 basehttp 14512 22632 "GET / HTTP/1.1" 200 22510
INFO 2025-12-07 16:35:39,944 basehttp 14512 22632 "POST / HTTP/1.1" 302 0
INFO 2025-12-07 16:35:39,975 basehttp 14512 22632 "GET /quiz/quiz HTTP/1.1" 200 40599
INFO 2025-12-07 16:35:45,680 basehttp 14512 22792 "GET /assistant/improve HTTP/1.1" 200 29140
INFO 2025-12-07 16:35:57,237 basehttp 14512 22632 "GET /quiz/api/new/ HTTP/1.1" 200 1650
INFO 2025-12-07 16:36:14,171 basehttp 14512 22792 "POST /assistant/api/improve/ HTTP/1.1" 200 18
INFO 2025-12-08 19:32:25,827 autoreload 14904 24132 Watching for file changes with StatReloader
INFO 2025-12-08 19:35:22,959 autoreload 13248 15032 Watching for file changes with StatReloader
INFO 2025-12-08 19:36:05,047 autoreload 13248 15032 D:\machione\ai\quiz\views.py changed, reloading.
INFO 2025-12-08 19:36:06,499 autoreload 24448 7264 Watching for file changes with StatReloader
INFO 2025-12-08 19:36:13,653 basehttp 24448 11760 "GET / HTTP/1.1" 200 22510
INFO 2025-12-08 19:36:14,005 basehttp 24448 11760 "GET /static/css/main.css HTTP/1.1" 200 7656
WARNING 2025-12-08 19:36:17,923 basehttp 24448 11760 "GET /favicon.ico HTTP/1.1" 404 3154
INFO 2025-12-08 19:36:23,844 basehttp 24448 11760 "POST / HTTP/1.1" 302 0
INFO 2025-12-08 19:36:23,878 basehttp 24448 11760 "GET /quiz/quiz HTTP/1.1" 200 41698
INFO 2025-12-09 08:47:21,983 autoreload 7980 13140 Watching for file changes with StatReloader
INFO 2025-12-09 08:47:27,753 basehttp 7980 23488 "GET / HTTP/1.1" 200 22510
INFO 2025-12-09 08:47:27,847 basehttp 7980 23488 "GET /static/css/main.css HTTP/1.1" 304 0
WARNING 2025-12-09 08:47:31,013 basehttp 7980 23488 "GET /favicon.ico HTTP/1.1" 404 3154
INFO 2025-12-09 08:47:34,508 basehttp 7980 23488 "POST / HTTP/1.1" 302 0
INFO 2025-12-09 08:47:34,650 basehttp 7980 23488 "GET /quiz/quiz HTTP/1.1" 200 41698
INFO 2025-12-09 08:49:23,800 autoreload 24344 5532 Watching for file changes with StatReloader
INFO 2025-12-09 08:49:27,217 basehttp 24344 24028 "GET / HTTP/1.1" 302 0
INFO 2025-12-09 08:49:27,283 basehttp 24344 24028 "GET /quiz/quiz HTTP/1.1" 200 41562
INFO 2025-12-09 08:50:13,916 basehttp 24344 22700 "GET /quiz/quiz HTTP/1.1" 200 41562
INFO 2025-12-09 08:50:15,402 basehttp 24344 26456 "GET /assistant/improve HTTP/1.1" 200 29140
INFO 2025-12-09 20:25:37,307 autoreload 8312 22132 Watching for file changes with StatReloader
INFO 2025-12-09 20:28:27,850 autoreload 1880 2716 Watching for file changes with StatReloader
INFO 2025-12-09 20:28:36,523 basehttp 1880 2444 "GET / HTTP/1.1" 200 22510
INFO 2025-12-09 20:28:36,631 basehttp 1880 2444 "GET /static/css/main.css HTTP/1.1" 304 0
WARNING 2025-12-09 20:28:40,083 basehttp 1880 11016 "GET /favicon.ico HTTP/1.1" 404 3154
INFO 2025-12-09 20:28:42,883 basehttp 1880 11016 "POST / HTTP/1.1" 302 0
INFO 2025-12-09 20:28:42,923 basehttp 1880 11016 "GET /quiz/quiz HTTP/1.1" 200 41698
INFO 2025-12-09 20:28:48,596 basehttp 1880 13408 "GET /assistant/improve HTTP/1.1" 200 29140
INFO 2025-12-10 19:18:20,937 autoreload 20008 6660 Watching for file changes with StatReloader
INFO 2025-12-10 19:20:19,428 autoreload 20352 20456 Watching for file changes with StatReloader
INFO 2025-12-10 19:20:24,174 basehttp 20352 11584 "GET / HTTP/1.1" 200 25460
INFO 2025-12-10 19:20:24,280 basehttp 20352 11584 "GET /static/css/main.css HTTP/1.1" 304 0
WARNING 2025-12-10 19:20:27,797 basehttp 20352 11584 "GET /favicon.ico HTTP/1.1" 404 3154
INFO 2025-12-10 19:20:30,994 basehttp 20352 11584 "POST / HTTP/1.1" 302 0
INFO 2025-12-10 19:20:31,022 basehttp 20352 11584 "GET /quiz/quiz HTTP/1.1" 200 39295
INFO 2025-12-10 19:20:57,512 autoreload 6736 20616 Watching for file changes with StatReloader
INFO 2025-12-10 19:26:16,294 autoreload 13436 3332 Watching for file changes with StatReloader
INFO 2025-12-11 19:20:46,841 autoreload 25376 25072 Watching for file changes with StatReloader
INFO 2025-12-11 19:21:03,917 basehttp 25376 20568 "GET / HTTP/1.1" 200 26504
INFO 2025-12-11 19:21:04,043 basehttp 25376 20568 "GET /static/css/main.css HTTP/1.1" 304 0
WARNING 2025-12-11 19:21:07,860 basehttp 25376 2944 "GET /favicon.ico HTTP/1.1" 404 3154
INFO 2025-12-11 19:21:10,769 basehttp 25376 2944 "POST / HTTP/1.1" 302 0
INFO 2025-12-11 19:21:10,808 basehttp 25376 2944 "GET /quiz/quiz HTTP/1.1" 200 39295
INFO 2025-12-11 19:21:14,072 basehttp 25376 18372 "GET /quiz/bookmarks/ HTTP/1.1" 200 20684
INFO 2025-12-11 19:21:14,226 basehttp 25376 18372 "GET /quiz/api/bookmarks/ HTTP/1.1" 200 46
INFO 2025-12-11 19:23:24,908 autoreload 11096 21472 Watching for file changes with StatReloader
